<?xml version="1.0" encoding="UTF-8"?>
<!-- Generated by org.testng.reporters.JUnitReportReporter -->
<testsuite skipped="0" hostname="IDP-LAP112" name="Test01_GET" tests="1" failures="0" timestamp="04 Nov 2020 10:55:49 GMT" time="9.171" errors="0">
  <testcase name="login" time="9.171" classname="Test01_GET"/>
</testsuite> <!-- Test01_GET -->
