<?xml version="1.0" encoding="UTF-8"?>
<!-- Generated by org.testng.reporters.JUnitReportReporter -->
<testsuite skipped="0" hostname="IDP-LAP112" name="com.idp.cases.SearchCase" tests="2" failures="0" timestamp="22 Dec 2020 10:15:24 GMT" time="317.565" errors="0">
  <testcase name="newsearchf" time="172.189" classname="com.idp.cases.SearchCase"/>
  <testcase name="newsearchf" time="145.376" classname="com.idp.cases.SearchCase"/>
</testsuite> <!-- com.idp.cases.SearchCase -->
