<?xml version="1.0" encoding="UTF-8"?>
<!-- Generated by org.testng.reporters.JUnitReportReporter -->
<testsuite skipped="0" hostname="IDP-LAP112" name="com.idp.cases.MyICCase" tests="1" failures="0" timestamp="21 Dec 2020 10:52:27 GMT" time="65.043" errors="0">
  <testcase name="newreviewapproval" time="65.043" classname="com.idp.cases.MyICCase"/>
</testsuite> <!-- com.idp.cases.MyICCase -->
