<?xml version="1.0" encoding="UTF-8"?>
<!-- Generated by org.testng.reporters.JUnitReportReporter -->
<testsuite skipped="0" hostname="IDP-LAP112" name="com.idp.cases.CallBackFormCase" tests="1" failures="0" timestamp="21 Dec 2020 09:29:21 GMT" time="38.103" errors="0">
  <testcase name="verifyCBF" time="38.103" classname="com.idp.cases.CallBackFormCase"/>
</testsuite> <!-- com.idp.cases.CallBackFormCase -->
