<?xml version="1.0" encoding="UTF-8"?>
<!-- Generated by org.testng.reporters.JUnitReportReporter -->
<testsuite skipped="0" hostname="IDP-LAP112" name="com.idp.cases.VisitWebSiteCase" tests="2" failures="0" timestamp="22 Dec 2020 10:34:33 GMT" time="304.304" errors="0">
  <testcase name="newsearchf" time="147.756" classname="com.idp.cases.VisitWebSiteCase"/>
  <testcase name="newsearchf" time="156.548" classname="com.idp.cases.VisitWebSiteCase"/>
</testsuite> <!-- com.idp.cases.VisitWebSiteCase -->
