<?xml version="1.0" encoding="UTF-8"?>
<!-- Generated by org.testng.reporters.JUnitReportReporter -->
<testsuite skipped="0" hostname="IDP-LAP112" name="com.idp.cases.LoginFormPage" tests="7" failures="0" timestamp="21 Dec 2020 08:59:58 GMT" time="139.224" errors="0">
  <testcase name="newlogin" time="20.585" classname="com.idp.cases.LoginFormPage"/>
  <testcase name="newlogin" time="20.381" classname="com.idp.cases.LoginFormPage"/>
  <testcase name="newlogin" time="17.107" classname="com.idp.cases.LoginFormPage"/>
  <testcase name="newlogin" time="19.880" classname="com.idp.cases.LoginFormPage"/>
  <testcase name="newlogin" time="19.423" classname="com.idp.cases.LoginFormPage"/>
  <testcase name="newlogin" time="20.373" classname="com.idp.cases.LoginFormPage"/>
  <testcase name="newlogin" time="21.475" classname="com.idp.cases.LoginFormPage"/>
</testsuite> <!-- com.idp.cases.LoginFormPage -->
