<?xml version="1.0" encoding="UTF-8"?>
<!-- Generated by org.testng.reporters.JUnitReportReporter -->
<testsuite skipped="0" hostname="IDP-LAP112" name="com.idp.cases.RankingsCase" tests="1" failures="0" timestamp="22 Dec 2020 10:28:31 GMT" time="265.991" errors="0">
  <testcase name="verifyRanking" time="265.991" classname="com.idp.cases.RankingsCase"/>
</testsuite> <!-- com.idp.cases.RankingsCase -->
