<?xml version="1.0" encoding="UTF-8"?>
<!-- Generated by org.testng.reporters.JUnitReportReporter -->
<testsuite skipped="0" hostname="IDP-LAP112" name="com.idp.cases.EnquiryFormPage" tests="1" failures="0" timestamp="21 Dec 2020 09:10:28 GMT" time="173.809" errors="0">
  <testcase name="newenquiry" time="173.809" classname="com.idp.cases.EnquiryFormPage"/>
</testsuite> <!-- com.idp.cases.EnquiryFormPage -->
