<?xml version="1.0" encoding="UTF-8"?>
<!-- Generated by org.testng.reporters.JUnitReportReporter -->
<testsuite skipped="0" hostname="IDP-LAP112" name="com.idp.cases.DPFormPage" tests="2" failures="0" timestamp="21 Dec 2020 09:18:39 GMT" time="344.242" errors="0">
  <testcase name="verifyDp" time="173.685" classname="com.idp.cases.DPFormPage"/>
  <testcase name="verifyDp" time="170.557" classname="com.idp.cases.DPFormPage"/>
</testsuite> <!-- com.idp.cases.DPFormPage -->
