<?xml version="1.0" encoding="UTF-8"?>
<!-- Generated by org.testng.reporters.JUnitReportReporter -->
<testsuite skipped="0" hostname="IDP-LAP112" name="com.idp.cases.HomePageCase" tests="1" failures="0" timestamp="22 Dec 2020 10:08:04 GMT" time="94.248" errors="0">
  <testcase name="verifyhomepage" time="94.248" classname="com.idp.cases.HomePageCase"/>
</testsuite> <!-- com.idp.cases.HomePageCase -->
