<?xml version="1.0" encoding="UTF-8"?>
<!-- Generated by org.testng.reporters.JUnitReportReporter -->
<testsuite skipped="0" hostname="IDP-LAP112" name="com.idp.cases.ReviewCase" tests="1" failures="0" timestamp="21 Dec 2020 10:04:58 GMT" time="154.196" errors="0">
  <testcase name="newreview" time="154.196" classname="com.idp.cases.ReviewCase"/>
</testsuite> <!-- com.idp.cases.ReviewCase -->
