<?xml version="1.0" encoding="UTF-8"?>
<!-- Generated by org.testng.reporters.JUnitReportReporter -->
<testsuite skipped="0" hostname="IDP-LAP112" name="com.idp.cases.ReviewDisplayCase" tests="1" failures="0" timestamp="21 Dec 2020 10:59:36 GMT" time="16.929" errors="0">
  <testcase name="newreviewdisplay" time="16.929" classname="com.idp.cases.ReviewDisplayCase"/>
</testsuite> <!-- com.idp.cases.ReviewDisplayCase -->
